{"/Users/dan/Google Drive/brogrammers/client/profile/static/js/helpers.js": {"path":"/Users/dan/Google Drive/brogrammers/client/profile/static/js/helpers.js","statementMap":{"0":{"start":{"line":3,"column":21},"end":{"line":3,"column":54}},"1":{"start":{"line":4,"column":2},"end":{"line":4,"column":44}},"2":{"start":{"line":6,"column":21},"end":{"line":6,"column":49}},"3":{"start":{"line":7,"column":2},"end":{"line":7,"column":42}},"4":{"start":{"line":9,"column":27},"end":{"line":9,"column":55}},"5":{"start":{"line":10,"column":2},"end":{"line":10,"column":41}},"6":{"start":{"line":12,"column":25},"end":{"line":12,"column":52}},"7":{"start":{"line":13,"column":2},"end":{"line":13,"column":82}},"8":{"start":{"line":15,"column":28},"end":{"line":15,"column":56}},"9":{"start":{"line":16,"column":2},"end":{"line":16,"column":43}},"10":{"start":{"line":18,"column":17},"end":{"line":18,"column":44}},"11":{"start":{"line":19,"column":2},"end":{"line":19,"column":30}},"12":{"start":{"line":20,"column":2},"end":{"line":20,"column":35}},"13":{"start":{"line":22,"column":2},"end":{"line":22,"column":32}},"14":{"start":{"line":23,"column":2},"end":{"line":23,"column":38}},"15":{"start":{"line":24,"column":2},"end":{"line":24,"column":36}},"16":{"start":{"line":25,"column":2},"end":{"line":25,"column":39}},"17":{"start":{"line":26,"column":2},"end":{"line":26,"column":28}},"18":{"start":{"line":28,"column":2},"end":{"line":28,"column":20}},"19":{"start":{"line":32,"column":21},"end":{"line":32,"column":54}},"20":{"start":{"line":33,"column":2},"end":{"line":33,"column":26}},"21":{"start":{"line":34,"column":2},"end":{"line":34,"column":46}},"22":{"start":{"line":36,"column":20},"end":{"line":36,"column":41}},"23":{"start":{"line":37,"column":2},"end":{"line":37,"column":31}},"24":{"start":{"line":39,"column":18},"end":{"line":39,"column":47}},"25":{"start":{"line":40,"column":2},"end":{"line":40,"column":55}},"26":{"start":{"line":41,"column":2},"end":{"line":41,"column":42}},"27":{"start":{"line":42,"column":2},"end":{"line":42,"column":38}},"28":{"start":{"line":44,"column":2},"end":{"line":45,"column":66}},"29":{"start":{"line":46,"column":2},"end":{"line":46,"column":29}},"30":{"start":{"line":48,"column":23},"end":{"line":48,"column":55}},"31":{"start":{"line":50,"column":2},"end":{"line":50,"column":39}},"32":{"start":{"line":51,"column":2},"end":{"line":51,"column":34}},"33":{"start":{"line":53,"column":27},"end":{"line":53,"column":59}},"34":{"start":{"line":54,"column":2},"end":{"line":54,"column":39}},"35":{"start":{"line":55,"column":2},"end":{"line":55,"column":35}},"36":{"start":{"line":56,"column":2},"end":{"line":56,"column":37}},"37":{"start":{"line":58,"column":2},"end":{"line":58,"column":38}},"38":{"start":{"line":60,"column":2},"end":{"line":60,"column":20}},"39":{"start":{"line":65,"column":19},"end":{"line":65,"column":55}},"40":{"start":{"line":66,"column":22},"end":{"line":66,"column":42}},"41":{"start":{"line":68,"column":2},"end":{"line":70,"column":5}},"42":{"start":{"line":69,"column":4},"end":{"line":69,"column":21}},"43":{"start":{"line":75,"column":24},"end":{"line":75,"column":56}},"44":{"start":{"line":77,"column":20},"end":{"line":77,"column":52}},"45":{"start":{"line":78,"column":2},"end":{"line":78,"column":63}},"46":{"start":{"line":80,"column":2},"end":{"line":86,"column":3}},"47":{"start":{"line":81,"column":4},"end":{"line":81,"column":64}},"48":{"start":{"line":82,"column":19},"end":{"line":82,"column":57}},"49":{"start":{"line":83,"column":4},"end":{"line":83,"column":58}},"50":{"start":{"line":91,"column":24},"end":{"line":91,"column":56}},"51":{"start":{"line":93,"column":26},"end":{"line":93,"column":60}},"52":{"start":{"line":95,"column":2},"end":{"line":96,"column":52}},"53":{"start":{"line":101,"column":17},"end":{"line":101,"column":19}},"54":{"start":{"line":102,"column":2},"end":{"line":106,"column":3}},"55":{"start":{"line":102,"column":15},"end":{"line":102,"column":16}},"56":{"start":{"line":103,"column":4},"end":{"line":105,"column":5}},"57":{"start":{"line":104,"column":6},"end":{"line":104,"column":38}},"58":{"start":{"line":107,"column":2},"end":{"line":107,"column":16}},"59":{"start":{"line":112,"column":26},"end":{"line":112,"column":59}},"60":{"start":{"line":113,"column":2},"end":{"line":113,"column":39}},"61":{"start":{"line":115,"column":2},"end":{"line":129,"column":5}},"62":{"start":{"line":116,"column":17},"end":{"line":116,"column":61}},"63":{"start":{"line":117,"column":19},"end":{"line":117,"column":48}},"64":{"start":{"line":118,"column":4},"end":{"line":118,"column":24}},"65":{"start":{"line":120,"column":17},"end":{"line":120,"column":35}},"66":{"start":{"line":121,"column":15},"end":{"line":121,"column":33}},"67":{"start":{"line":122,"column":4},"end":{"line":122,"column":22}},"68":{"start":{"line":124,"column":4},"end":{"line":124,"column":24}},"69":{"start":{"line":126,"column":4},"end":{"line":126,"column":34}},"70":{"start":{"line":127,"column":4},"end":{"line":127,"column":34}},"71":{"start":{"line":128,"column":4},"end":{"line":128,"column":35}},"72":{"start":{"line":131,"column":2},"end":{"line":131,"column":25}},"73":{"start":{"line":134,"column":0},"end":{"line":141,"column":2}}},"fnMap":{"0":{"name":"renderHabitData","decl":{"start":{"line":2,"column":9},"end":{"line":2,"column":24}},"loc":{"start":{"line":2,"column":31},"end":{"line":29,"column":1}},"line":2},"1":{"name":"renderHabitContainer","decl":{"start":{"line":31,"column":9},"end":{"line":31,"column":29}},"loc":{"start":{"line":31,"column":36},"end":{"line":61,"column":1}},"line":31},"2":{"name":"removeAllHabitContainers","decl":{"start":{"line":64,"column":9},"end":{"line":64,"column":33}},"loc":{"start":{"line":64,"column":36},"end":{"line":71,"column":1}},"line":64},"3":{"name":"(anonymous_3)","decl":{"start":{"line":68,"column":22},"end":{"line":68,"column":23}},"loc":{"start":{"line":68,"column":35},"end":{"line":70,"column":3}},"line":68},"4":{"name":"updateTimesCompleted","decl":{"start":{"line":74,"column":9},"end":{"line":74,"column":29}},"loc":{"start":{"line":74,"column":62},"end":{"line":87,"column":1}},"line":74},"5":{"name":"updateBackgroundOpacity","decl":{"start":{"line":90,"column":9},"end":{"line":90,"column":32}},"loc":{"start":{"line":90,"column":65},"end":{"line":97,"column":1}},"line":90},"6":{"name":"uniqueBadges","decl":{"start":{"line":100,"column":9},"end":{"line":100,"column":21}},"loc":{"start":{"line":100,"column":28},"end":{"line":108,"column":1}},"line":100},"7":{"name":"createBadgeSection","decl":{"start":{"line":111,"column":9},"end":{"line":111,"column":27}},"loc":{"start":{"line":111,"column":36},"end":{"line":132,"column":1}},"line":111},"8":{"name":"(anonymous_8)","decl":{"start":{"line":115,"column":17},"end":{"line":115,"column":18}},"loc":{"start":{"line":115,"column":28},"end":{"line":129,"column":3}},"line":115}},"branchMap":{"0":{"loc":{"start":{"line":80,"column":2},"end":{"line":86,"column":3}},"type":"if","locations":[{"start":{"line":80,"column":2},"end":{"line":86,"column":3}},{"start":{"line":80,"column":2},"end":{"line":86,"column":3}}],"line":80},"1":{"loc":{"start":{"line":103,"column":4},"end":{"line":105,"column":5}},"type":"if","locations":[{"start":{"line":103,"column":4},"end":{"line":105,"column":5}},{"start":{"line":103,"column":4},"end":{"line":105,"column":5}}],"line":103}},"s":{"0":5,"1":5,"2":5,"3":5,"4":5,"5":5,"6":5,"7":5,"8":5,"9":5,"10":5,"11":5,"12":5,"13":5,"14":5,"15":5,"16":5,"17":5,"18":5,"19":5,"20":5,"21":5,"22":5,"23":5,"24":5,"25":5,"26":5,"27":5,"28":5,"29":5,"30":5,"31":5,"32":5,"33":5,"34":5,"35":5,"36":5,"37":5,"38":5,"39":2,"40":2,"41":2,"42":4,"43":3,"44":3,"45":3,"46":3,"47":1,"48":1,"49":1,"50":3,"51":3,"52":3,"53":4,"54":4,"55":4,"56":5,"57":4,"58":4,"59":4,"60":4,"61":4,"62":10,"63":10,"64":10,"65":10,"66":10,"67":10,"68":10,"69":10,"70":10,"71":10,"72":4,"73":1},"f":{"0":5,"1":5,"2":2,"3":4,"4":3,"5":3,"6":4,"7":4,"8":10},"b":{"0":[1,2],"1":[4,1]},"_coverageSchema":"1a1c01bbd47fc00a2c39e90264f33305004495a9","hash":"9beb1f2f84c7b4eadba752cdcd5d149b46b7a1c6"}
,"/Users/dan/Google Drive/brogrammers/client/static/js/helpers.js": {"path":"/Users/dan/Google Drive/brogrammers/client/static/js/helpers.js","statementMap":{"0":{"start":{"line":1,"column":20},"end":{"line":1,"column":59}},"1":{"start":{"line":2,"column":21},"end":{"line":2,"column":62}},"2":{"start":{"line":5,"column":17},"end":{"line":5,"column":51}},"3":{"start":{"line":7,"column":2},"end":{"line":13,"column":3}},"4":{"start":{"line":7,"column":15},"end":{"line":7,"column":16}},"5":{"start":{"line":8,"column":4},"end":{"line":12,"column":5}},"6":{"start":{"line":9,"column":6},"end":{"line":9,"column":15}},"7":{"start":{"line":11,"column":6},"end":{"line":11,"column":27}},"8":{"start":{"line":20,"column":2},"end":{"line":23,"column":3}},"9":{"start":{"line":22,"column":4},"end":{"line":22,"column":11}},"10":{"start":{"line":25,"column":2},"end":{"line":25,"column":24}},"11":{"start":{"line":27,"column":2},"end":{"line":27,"column":41}},"12":{"start":{"line":28,"column":2},"end":{"line":28,"column":42}},"13":{"start":{"line":30,"column":2},"end":{"line":30,"column":19}},"14":{"start":{"line":35,"column":22},"end":{"line":35,"column":61}},"15":{"start":{"line":36,"column":23},"end":{"line":36,"column":63}},"16":{"start":{"line":37,"column":16},"end":{"line":37,"column":53}},"17":{"start":{"line":38,"column":15},"end":{"line":38,"column":54}},"18":{"start":{"line":39,"column":29},"end":{"line":39,"column":60}},"19":{"start":{"line":41,"column":2},"end":{"line":55,"column":3}},"20":{"start":{"line":42,"column":4},"end":{"line":42,"column":29}},"21":{"start":{"line":43,"column":4},"end":{"line":43,"column":41}},"22":{"start":{"line":44,"column":4},"end":{"line":44,"column":35}},"23":{"start":{"line":45,"column":4},"end":{"line":45,"column":34}},"24":{"start":{"line":46,"column":4},"end":{"line":46,"column":47}},"25":{"start":{"line":47,"column":4},"end":{"line":47,"column":31}},"26":{"start":{"line":49,"column":4},"end":{"line":49,"column":28}},"27":{"start":{"line":50,"column":4},"end":{"line":50,"column":40}},"28":{"start":{"line":51,"column":4},"end":{"line":51,"column":34}},"29":{"start":{"line":52,"column":4},"end":{"line":52,"column":33}},"30":{"start":{"line":53,"column":4},"end":{"line":53,"column":46}},"31":{"start":{"line":54,"column":4},"end":{"line":54,"column":32}},"32":{"start":{"line":62,"column":15},"end":{"line":62,"column":46}},"33":{"start":{"line":63,"column":2},"end":{"line":63,"column":30}},"34":{"start":{"line":68,"column":0},"end":{"line":68,"column":85}}},"fnMap":{"0":{"name":"clearAllInputFields","decl":{"start":{"line":4,"column":9},"end":{"line":4,"column":28}},"loc":{"start":{"line":4,"column":31},"end":{"line":14,"column":1}},"line":4},"1":{"name":"setActiveButton","decl":{"start":{"line":16,"column":9},"end":{"line":16,"column":24}},"loc":{"start":{"line":16,"column":28},"end":{"line":32,"column":1}},"line":16},"2":{"name":"updateFormData","decl":{"start":{"line":34,"column":9},"end":{"line":34,"column":23}},"loc":{"start":{"line":34,"column":26},"end":{"line":56,"column":1}},"line":34},"3":{"name":"closeGDPR","decl":{"start":{"line":61,"column":9},"end":{"line":61,"column":18}},"loc":{"start":{"line":61,"column":21},"end":{"line":64,"column":1}},"line":61}},"branchMap":{"0":{"loc":{"start":{"line":8,"column":4},"end":{"line":12,"column":5}},"type":"if","locations":[{"start":{"line":8,"column":4},"end":{"line":12,"column":5}},{"start":{"line":8,"column":4},"end":{"line":12,"column":5}}],"line":8},"1":{"loc":{"start":{"line":20,"column":2},"end":{"line":23,"column":3}},"type":"if","locations":[{"start":{"line":20,"column":2},"end":{"line":23,"column":3}},{"start":{"line":20,"column":2},"end":{"line":23,"column":3}}],"line":20},"2":{"loc":{"start":{"line":41,"column":2},"end":{"line":55,"column":3}},"type":"if","locations":[{"start":{"line":41,"column":2},"end":{"line":55,"column":3}},{"start":{"line":41,"column":2},"end":{"line":55,"column":3}}],"line":41}},"s":{"0":1,"1":1,"2":4,"3":4,"4":4,"5":12,"6":2,"7":10,"8":0,"9":0,"10":0,"11":0,"12":0,"13":0,"14":7,"15":7,"16":7,"17":7,"18":7,"19":7,"20":3,"21":3,"22":3,"23":3,"24":3,"25":3,"26":4,"27":4,"28":4,"29":4,"30":4,"31":4,"32":1,"33":1,"34":1},"f":{"0":4,"1":0,"2":7,"3":1},"b":{"0":[2,10],"1":[0,0],"2":[3,4]},"_coverageSchema":"1a1c01bbd47fc00a2c39e90264f33305004495a9","hash":"5d8ee124536d915c521ccde61669103588329855"}
}
