TN:
SF:profile/static/js/helpers.js
FN:2,renderHabitData
FN:31,renderHabitContainer
FN:64,removeAllHabitContainers
FN:68,(anonymous_3)
FN:74,updateTimesCompleted
FN:90,updateBackgroundOpacity
FN:100,uniqueBadges
FN:111,createBadgeSection
FN:115,(anonymous_8)
FNF:9
FNH:9
FNDA:5,renderHabitData
FNDA:5,renderHabitContainer
FNDA:2,removeAllHabitContainers
FNDA:4,(anonymous_3)
FNDA:3,updateTimesCompleted
FNDA:3,updateBackgroundOpacity
FNDA:4,uniqueBadges
FNDA:4,createBadgeSection
FNDA:10,(anonymous_8)
DA:3,5
DA:4,5
DA:6,5
DA:7,5
DA:9,5
DA:10,5
DA:12,5
DA:13,5
DA:15,5
DA:16,5
DA:18,5
DA:19,5
DA:20,5
DA:22,5
DA:23,5
DA:24,5
DA:25,5
DA:26,5
DA:28,5
DA:32,5
DA:33,5
DA:34,5
DA:36,5
DA:37,5
DA:39,5
DA:40,5
DA:41,5
DA:42,5
DA:44,5
DA:46,5
DA:48,5
DA:50,5
DA:51,5
DA:53,5
DA:54,5
DA:55,5
DA:56,5
DA:58,5
DA:60,5
DA:65,2
DA:66,2
DA:68,2
DA:69,4
DA:75,3
DA:77,3
DA:78,3
DA:80,3
DA:81,1
DA:82,1
DA:83,1
DA:91,3
DA:93,3
DA:95,3
DA:101,4
DA:102,4
DA:103,5
DA:104,4
DA:107,4
DA:112,4
DA:113,4
DA:115,4
DA:116,10
DA:117,10
DA:118,10
DA:120,10
DA:121,10
DA:122,10
DA:124,10
DA:126,10
DA:127,10
DA:128,10
DA:131,4
DA:134,1
LF:73
LH:73
BRDA:80,0,0,1
BRDA:80,0,1,2
BRDA:103,1,0,4
BRDA:103,1,1,1
BRF:4
BRH:4
end_of_record
TN:
SF:static/js/helpers.js
FN:4,clearAllInputFields
FN:16,setActiveButton
FN:34,updateFormData
FN:61,closeGDPR
FNF:4
FNH:3
FNDA:4,clearAllInputFields
FNDA:0,setActiveButton
FNDA:7,updateFormData
FNDA:1,closeGDPR
DA:1,1
DA:2,1
DA:5,4
DA:7,4
DA:8,12
DA:9,2
DA:11,10
DA:20,0
DA:22,0
DA:25,0
DA:27,0
DA:28,0
DA:30,0
DA:35,7
DA:36,7
DA:37,7
DA:38,7
DA:39,7
DA:41,7
DA:42,3
DA:43,3
DA:44,3
DA:45,3
DA:46,3
DA:47,3
DA:49,4
DA:50,4
DA:51,4
DA:52,4
DA:53,4
DA:54,4
DA:62,1
DA:63,1
DA:68,1
LF:34
LH:28
BRDA:8,0,0,2
BRDA:8,0,1,10
BRDA:20,1,0,0
BRDA:20,1,1,0
BRDA:41,2,0,3
BRDA:41,2,1,4
BRF:6
BRH:4
end_of_record
