TN:
SF:profile/static/js/helpers.js
FN:2,renderHabitData
FN:31,renderHabitContainer
FN:64,removeAllHabitContainers
FN:69,(anonymous_3)
FN:76,updateTimesCompleted
FN:96,updateBackgroundOpacity
FNF:6
FNH:6
FNDA:5,renderHabitData
FNDA:5,renderHabitContainer
FNDA:2,removeAllHabitContainers
FNDA:4,(anonymous_3)
FNDA:3,updateTimesCompleted
FNDA:3,updateBackgroundOpacity
DA:3,5
DA:4,5
DA:6,5
DA:7,5
DA:9,5
DA:10,5
DA:12,5
DA:13,5
DA:15,5
DA:16,5
DA:18,5
DA:19,5
DA:20,5
DA:22,5
DA:23,5
DA:24,5
DA:25,5
DA:26,5
DA:28,5
DA:32,5
DA:33,5
DA:34,5
DA:36,5
DA:37,5
DA:39,5
DA:40,5
DA:41,5
DA:42,5
DA:44,5
DA:45,5
DA:47,5
DA:48,5
DA:49,5
DA:50,5
DA:52,5
DA:53,5
DA:54,5
DA:55,5
DA:57,5
DA:59,5
DA:65,2
DA:66,2
DA:69,2
DA:70,4
DA:78,3
DA:80,3
DA:81,3
DA:83,3
DA:84,1
DA:86,1
DA:87,1
DA:97,3
DA:99,3
DA:101,3
DA:104,1
LF:55
LH:55
BRDA:83,0,0,1
BRDA:83,0,1,2
BRF:2
BRH:2
end_of_record
TN:
SF:static/js/helpers.js
FN:4,clearAllInputFields
FN:16,setActiveButton
FNF:2
FNH:1
FNDA:4,clearAllInputFields
FNDA:0,setActiveButton
DA:1,1
DA:2,1
DA:5,4
DA:7,4
DA:8,12
DA:9,2
DA:11,10
DA:20,0
DA:22,0
DA:25,0
DA:27,0
DA:28,0
DA:30,0
DA:31,0
DA:32,0
DA:33,0
DA:35,0
DA:36,0
DA:37,0
DA:38,0
DA:39,0
DA:40,0
DA:42,0
DA:43,0
DA:44,0
DA:45,0
DA:46,0
DA:50,1
DA:52,1
LF:29
LH:9
BRDA:8,0,0,2
BRDA:8,0,1,10
BRDA:20,1,0,0
BRDA:20,1,1,0
BRDA:35,2,0,0
BRDA:35,2,1,0
BRF:6
BRH:2
end_of_record
